------Start of DE processing------ = [2023. 12. 31. 16:04:08:596 CET]
Exception = com.ibm.wsspi.anno.info.InfoStoreException
Source = com.ibm.ws.anno.info.internal.ClassInfoCache
probeid = 1080
Stack Dump = com.ibm.wsspi.anno.info.InfoStoreException: Class [ java.lang.Object ] from resource [ java/lang/Object.class ] Exception creating reader
	at com.ibm.wsspi.anno.info.InfoStoreException.wrap(InfoStoreException.java:41)
	at com.ibm.ws.anno.info.internal.InfoStoreImpl.scanNewClass(InfoStoreImpl.java:252)
	at com.ibm.ws.anno.info.internal.InfoStoreImpl.scanNewClass(InfoStoreImpl.java:190)
	at com.ibm.ws.anno.info.internal.InfoStoreImpl.scanClass(InfoStoreImpl.java:145)
	at com.ibm.ws.anno.info.internal.ClassInfoCache.scanClass(ClassInfoCache.java:158)
	at com.ibm.ws.anno.info.internal.ClassInfoCache.resolveClassInfo(ClassInfoCache.java:1077)
	at com.ibm.ws.anno.info.internal.InfoStoreImpl.resolveClassInfo(InfoStoreImpl.java:367)
	at com.ibm.ws.anno.info.internal.DelayedClassInfo.getClassInfo(DelayedClassInfo.java:129)
	at com.ibm.ws.anno.info.internal.DelayedClassInfo.getAnnotations(DelayedClassInfo.java:475)
	at com.ibm.ws.anno.info.internal.NonDelayedClassInfo.getAnnotations(NonDelayedClassInfo.java:390)
	at com.ibm.ws.anno.info.internal.InfoImpl.isAnnotationPresent(InfoImpl.java:210)
	at com.ibm.ws.anno.info.internal.ClassInfoCache.addClassInfo(ClassInfoCache.java:949)
	at com.ibm.ws.anno.info.internal.InfoStoreImpl.addClassInfo(InfoStoreImpl.java:357)
	at com.ibm.ws.anno.info.internal.InfoVisitor.visitEndClass(InfoVisitor.java:563)
	at com.ibm.ws.anno.info.internal.InfoVisitor.visitEnd(InfoVisitor.java:535)
	at org.objectweb.asm.ClassReader.accept(ClassReader.java:692)
	at org.objectweb.asm.ClassReader.accept(ClassReader.java:400)
	at com.ibm.ws.anno.info.internal.InfoStoreImpl.scanNewClass(InfoStoreImpl.java:258)
	at com.ibm.ws.anno.info.internal.InfoStoreImpl.scanNewClass(InfoStoreImpl.java:190)
	at com.ibm.ws.anno.info.internal.InfoStoreImpl.scanClass(InfoStoreImpl.java:145)
	at com.ibm.ws.anno.info.internal.ClassInfoCache.scanClass(ClassInfoCache.java:158)
	at com.ibm.ws.anno.info.internal.ClassInfoCache.resolveClassInfo(ClassInfoCache.java:1077)
	at com.ibm.ws.anno.info.internal.InfoStoreImpl.resolveClassInfo(InfoStoreImpl.java:367)
	at com.ibm.ws.anno.info.internal.DelayedClassInfo.getClassInfo(DelayedClassInfo.java:129)
	at com.ibm.ws.anno.info.internal.DelayedClassInfo.getAnnotation(DelayedClassInfo.java:485)
	at com.ibm.ws.anno.info.internal.InfoImpl.getAnnotation(InfoImpl.java:245)
	at com.ibm.ws.anno.info.internal.InfoImpl.getAnnotation(InfoImpl.java:28)
	at com.ibm.ws.webcontainer.osgi.container.config.WebAppConfiguratorHelper.configureMultipartConfigAnnotation(WebAppConfiguratorHelper.java:2247)
	at com.ibm.ws.webcontainer.osgi.container.config.WebAppConfiguratorHelper.configureFromAnnotations(WebAppConfiguratorHelper.java:810)
	at com.ibm.ws.webcontainer.osgi.container.config.WebAppConfigurator.configure(WebAppConfigurator.java:422)
	at com.ibm.ws.webcontainer.osgi.container.config.WebAppConfigurationAdapter.adapt(WebAppConfigurationAdapter.java:119)
	at com.ibm.ws.webcontainer.osgi.container.config.WebAppConfigurationAdapter.adapt(WebAppConfigurationAdapter.java:43)
	at com.ibm.ws.adaptable.module.internal.AdapterFactoryServiceImpl.adapt(AdapterFactoryServiceImpl.java:224)
	at com.ibm.ws.adaptable.module.internal.AdaptableContainerImpl.adapt(AdaptableContainerImpl.java:170)
	at com.ibm.ws.webcontainer.osgi.WebContainer.createModuleMetaData(WebContainer.java:839)
	at com.ibm.ws.app.manager.module.internal.ModuleHandlerBase.createModuleMetaData(ModuleHandlerBase.java:63)
	at com.ibm.ws.app.manager.module.internal.SimpleDeployedAppInfoBase$ModuleContainerInfoBase.createModuleMetaData(SimpleDeployedAppInfoBase.java:181)
	at com.ibm.ws.app.manager.module.internal.SimpleDeployedAppInfoBase.preDeployApp(SimpleDeployedAppInfoBase.java:535)
	at com.ibm.ws.app.manager.module.internal.SimpleDeployedAppInfoBase.installApp(SimpleDeployedAppInfoBase.java:511)
	at com.ibm.ws.app.manager.module.internal.DeployedAppInfoBase.deployApp(DeployedAppInfoBase.java:347)
	at com.ibm.ws.app.manager.war.internal.WARApplicationHandlerImpl.install(WARApplicationHandlerImpl.java:65)
	at com.ibm.ws.app.manager.internal.statemachine.StartAction.execute(StartAction.java:140)
	at com.ibm.ws.app.manager.internal.statemachine.ApplicationStateMachineImpl.enterState(ApplicationStateMachineImpl.java:1261)
	at com.ibm.ws.app.manager.internal.statemachine.ApplicationStateMachineImpl.run(ApplicationStateMachineImpl.java:876)
	at com.ibm.ws.threading.internal.ExecutorServiceImpl$RunnableWrapper.run(ExecutorServiceImpl.java:239)
	at java.base/java.util.concurrent.ThreadPoolExecutor.runWorker(ThreadPoolExecutor.java:1130)
	at java.base/java.util.concurrent.ThreadPoolExecutor$Worker.run(ThreadPoolExecutor.java:630)
	at java.base/java.lang.Thread.run(Thread.java:831)
Caused by: java.lang.IllegalArgumentException: Unsupported class file major version 60
	at org.objectweb.asm.ClassReader.<init>(ClassReader.java:195)
	at org.objectweb.asm.ClassReader.<init>(ClassReader.java:176)
	at org.objectweb.asm.ClassReader.<init>(ClassReader.java:162)
	at org.objectweb.asm.ClassReader.<init>(ClassReader.java:283)
	at com.ibm.ws.anno.info.internal.InfoStoreImpl.scanNewClass(InfoStoreImpl.java:245)
	... 46 more

Dump of callerThis
Object type = com.ibm.ws.anno.info.internal.ClassInfoCache
  tc = class com.ibm.websphere.ras.TraceComponent@ec1344c
    strings[0] = "TraceComponent[com.ibm.ws.anno.info.internal.ClassInfoCache,class com.ibm.ws.anno.info.internal.ClassInfoCache,[com.ibm.ws.anno],com.ibm.ws.anno.resources.internal.AnnoMessages,null]"
  CLASS_NAME = "com.ibm.ws.anno.info.internal.ClassInfoCache"
  hashText = "com.ibm.ws.anno.info.internal.ClassInfoCache@943911023"
  infoStore = class com.ibm.ws.anno.info.internal.InfoStoreImpl@1803072c
    tc = class com.ibm.websphere.ras.TraceComponent@218dfee2
      strings[0] = "TraceComponent[com.ibm.ws.anno.info.internal.InfoStoreImpl,class com.ibm.ws.anno.info.internal.InfoStoreImpl,[com.ibm.ws.anno],com.ibm.ws.anno.resources.internal.AnnoMessages,null]"
    scanStateLogger = class com.ibm.websphere.ras.TraceComponent@16295287
      strings[0] = "TraceComponent[com.ibm.ws.anno.service.internal.AnnotationServiceImpl_Logging,class com.ibm.ws.anno.service.internal.AnnotationServiceImpl_Logging,[com.ibm.ws.anno.state],com.ibm.ws.anno.resources.internal.AnnoMessages,null]"
    CLASS_NAME = "com.ibm.ws.anno.info.internal.InfoStoreImpl"
    hashText = "InfoStoreImpl@470074861( 533236540 )"
    infoStoreFactory = class com.ibm.ws.anno.info.internal.InfoStoreFactoryImpl@6e0b15b8
      tc = class com.ibm.websphere.ras.TraceComponent@7a445b31
      CLASS_NAME = "com.ibm.ws.anno.info.internal.InfoStoreFactoryImpl"
      hashText = "InfoStoreFactoryImpl@1246026740"
      utilFactory = class com.ibm.ws.anno.util.internal.UtilImpl_Factory@6fc9a867
      serialVersionUID = 322548826735188025
    classSource = class com.ibm.ws.anno.classsource.internal.ClassSourceImpl_Aggregate@1fc88b3c
      CLASS_NAME = "com.ibm.ws.anno.classsource.internal.ClassSourceImpl_Aggregate"
      tc = class com.ibm.websphere.ras.TraceComponent@3be06cc7
      openCount = 1
      successfulOpens = class java.util.ArrayList@37076a78
      failedOpens = class java.util.HashSet@56d34b
      classSources = class java.util.ArrayList@6b32c014
      classSourceNames = class java.util.HashMap@525522f4
      seedClassSources = class java.util.HashSet@5e0dd66c
      partialClassSources = class java.util.HashSet@68779a6d
      excludedClassSources = class java.util.HashSet@15b8d517
      externalClassSources = class java.util.HashSet@6e0117d6
      totalLookups = 195
      repeatLookups = 5
      i_lookupCounts = class java.util.IdentityHashMap@5e8f02cc
      i_globalResults = class java.util.IdentityHashMap@a7f4f82
      i_failedLookups = class java.util.IdentityHashMap@59bc23b7
      i_firstSuccesses = class java.util.IdentityHashMap@3fe530f1
      serialVersionUID = 8833672715963184110
      tc = class com.ibm.websphere.ras.TraceComponent@3c0f1e7b
      CLASS_NAME = "com.ibm.ws.anno.classsource.internal.ClassSourceImpl"
      hashText = "ClassSourceImpl_Aggregate@1697632679(anagram anagram)"
      factory = class com.ibm.ws.anno.classsource.internal.ClassSourceImpl_Factory@19dadca3
      name = "anagram anagram"
      canonicalName = "anagram anagram"
      parentSource = null
      options = class com.ibm.ws.anno.classsource.internal.ClassSourceImpl_Options@69a98345
      internMap = class com.ibm.ws.anno.util.internal.UtilImpl_InternMap@51b0b45c
      scanCounts = class com.ibm.ws.anno.classsource.internal.ClassSourceImpl_ScanCounts@47447423
      resourceExclusionCount = 0
      classExclusionCount = 0
      classInclusionCount = 0
      processedUsingJandex = false
      META_INF_LENGTH = 8
      serialVersionUID = -4933721197625310422
    classInfoCache = class com.ibm.ws.anno.info.internal.ClassInfoCache@432e890a
    streamCount = 2
    activityTimer = class com.ibm.ws.anno.info.internal.ActivityTimer@1ad5449
      activityStarts = class java.util.ArrayList@54e5bad5
      activityWindows = class java.util.ArrayList@68738ec
      serialVersionUID = -2889063667734053051
      $$$tc$$$ = class com.ibm.websphere.ras.TraceComponent@5e4f5282
    streamTime = 1
    scanTime = 121
    ruleTime = 0
    serialVersionUID = -174359648717412744
  descriptionInternMap = class com.ibm.ws.anno.util.internal.UtilImpl_InternMap@8b487ac
    tc = class com.ibm.websphere.ras.TraceComponent@5a56341a
    CLASS_NAME = "com.ibm.ws.anno.util.internal.UtilImpl_InternMap"
    hashText = "UtilImpl_InternMap@1744908373(DescriptionMap)"
    DEFAULT_LOG_THRESHHOLD = 4096
    logThreshHold = 4096
    factory = class com.ibm.ws.anno.util.internal.UtilImpl_Factory@6fc9a867
    valueType = class com.ibm.wsspi.anno.util.Util_InternMap$ValueType@17811a83
      VT_CLASS_RESOURCE = class com.ibm.wsspi.anno.util.Util_InternMap$ValueType@5e5b9bf1
      VT_CLASS_REFERENCE = class com.ibm.wsspi.anno.util.Util_InternMap$ValueType@7cc49fc0
      VT_CLASS_NAME = class com.ibm.wsspi.anno.util.Util_InternMap$ValueType@79c5c08d
      VT_FIELD_NAME = class com.ibm.wsspi.anno.util.Util_InternMap$ValueType@40ac3564
      VT_METHOD_NAME = class com.ibm.wsspi.anno.util.Util_InternMap$ValueType@1331958a
      VT_OTHER = class com.ibm.wsspi.anno.util.Util_InternMap$ValueType@17811a83
      $VALUES = class com.ibm.wsspi.anno.util.Util_InternMap$ValueType[6]
      $$$tc$$$ = class com.ibm.websphere.ras.TraceComponent@7ad04873
      name = "VT_OTHER"
      ordinal = 5
    checkValues = false
    name = "DescriptionMap"
    internMap = class java.util.HashMap@30ba558e
      serialVersionUID = 362498820763181265
      DEFAULT_INITIAL_CAPACITY = 16
      MAXIMUM_CAPACITY = 1073741824
      DEFAULT_LOAD_FACTOR = 0.75
      TREEIFY_THRESHOLD = 8
      UNTREEIFY_THRESHOLD = 6
      MIN_TREEIFY_CAPACITY = 64
      table = class java.util.HashMap$Node[16]
      entrySet = null
      size = 7
      modCount = 7
      threshold = 12
      loadFactor = 0.75
      keySet = null
      values = null
    lastReportedLength = 0
    totalLength = 213
    serialVersionUID = -5461277679491511795
  packageNameInternMap = class com.ibm.ws.anno.util.internal.UtilImpl_InternMap@2d228e54
    tc = class com.ibm.websphere.ras.TraceComponent@5a56341a
    CLASS_NAME = "com.ibm.ws.anno.util.internal.UtilImpl_InternMap"
    hashText = "UtilImpl_InternMap@867252465(PackageNameMap)"
    DEFAULT_LOG_THRESHHOLD = 4096
    logThreshHold = 4096
    factory = class com.ibm.ws.anno.util.internal.UtilImpl_Factory@6fc9a867
    valueType = class com.ibm.wsspi.anno.util.Util_InternMap$ValueType@79c5c08d
      VT_CLASS_RESOURCE = class com.ibm.wsspi.anno.util.Util_InternMap$ValueType@5e5b9bf1
      VT_CLASS_REFERENCE = class com.ibm.wsspi.anno.util.Util_InternMap$ValueType@7cc49fc0
      VT_CLASS_NAME = class com.ibm.wsspi.anno.util.Util_InternMap$ValueType@79c5c08d
      VT_FIELD_NAME = class com.ibm.wsspi.anno.util.Util_InternMap$ValueType@40ac3564
      VT_METHOD_NAME = class com.ibm.wsspi.anno.util.Util_InternMap$ValueType@1331958a
      VT_OTHER = class com.ibm.wsspi.anno.util.Util_InternMap$ValueType@17811a83
      $VALUES = class com.ibm.wsspi.anno.util.Util_InternMap$ValueType[6]
      $$$tc$$$ = class com.ibm.websphere.ras.TraceComponent@7ad04873
      name = "VT_CLASS_NAME"
      ordinal = 2
    checkValues = false
    name = "PackageNameMap"
    internMap = class java.util.HashMap@697a57c3
      serialVersionUID = 362498820763181265
      DEFAULT_INITIAL_CAPACITY = 16
      MAXIMUM_CAPACITY = 1073741824
      DEFAULT_LOAD_FACTOR = 0.75
      TREEIFY_THRESHOLD = 8
      UNTREEIFY_THRESHOLD = 6
      MIN_TREEIFY_CAPACITY = 64
      table = class java.util.HashMap$Node[16]
      entrySet = null
      size = 7
      modCount = 7
      threshold = 12
      loadFactor = 0.75
      keySet = null
      values = null
    lastReportedLength = 0
    totalLength = 106
    serialVersionUID = -5461277679491511795
  classNameInternMap = class com.ibm.ws.anno.util.internal.UtilImpl_InternMap@7964ddf8
    tc = class com.ibm.websphere.ras.TraceComponent@5a56341a
    CLASS_NAME = "com.ibm.ws.anno.util.internal.UtilImpl_InternMap"
    hashText = "UtilImpl_InternMap@1315538965(ClassNameMap)"
    DEFAULT_LOG_THRESHHOLD = 4096
    logThreshHold = 4096
    factory = class com.ibm.ws.anno.util.internal.UtilImpl_Factory@6fc9a867
    valueType = class com.ibm.wsspi.anno.util.Util_InternMap$ValueType@79c5c08d
    checkValues = false
    name = "ClassNameMap"
    internMap = class java.util.HashMap@4dd19948
      serialVersionUID = 362498820763181265
      DEFAULT_INITIAL_CAPACITY = 16
      MAXIMUM_CAPACITY = 1073741824
      DEFAULT_LOAD_FACTOR = 0.75
      TREEIFY_THRESHOLD = 8
      UNTREEIFY_THRESHOLD = 6
      MIN_TREEIFY_CAPACITY = 64
      table = class java.util.HashMap$Node[32]
      entrySet = null
      size = 16
      modCount = 16
      threshold = 24
      loadFactor = 0.75
      keySet = null
      values = null
    lastReportedLength = 0
    totalLength = 408
    serialVersionUID = -5461277679491511795
  fieldNameInternMap = class com.ibm.ws.anno.util.internal.UtilImpl_InternMap@1de54b9b
    tc = class com.ibm.websphere.ras.TraceComponent@5a56341a
    CLASS_NAME = "com.ibm.ws.anno.util.internal.UtilImpl_InternMap"
    hashText = "UtilImpl_InternMap@1627899967(FieldNameMap)"
    DEFAULT_LOG_THRESHHOLD = 4096
    logThreshHold = 4096
    factory = class com.ibm.ws.anno.util.internal.UtilImpl_Factory@6fc9a867
    valueType = class com.ibm.wsspi.anno.util.Util_InternMap$ValueType@40ac3564
      VT_CLASS_RESOURCE = class com.ibm.wsspi.anno.util.Util_InternMap$ValueType@5e5b9bf1
      VT_CLASS_REFERENCE = class com.ibm.wsspi.anno.util.Util_InternMap$ValueType@7cc49fc0
      VT_CLASS_NAME = class com.ibm.wsspi.anno.util.Util_InternMap$ValueType@79c5c08d
      VT_FIELD_NAME = class com.ibm.wsspi.anno.util.Util_InternMap$ValueType@40ac3564
      VT_METHOD_NAME = class com.ibm.wsspi.anno.util.Util_InternMap$ValueType@1331958a
      VT_OTHER = class com.ibm.wsspi.anno.util.Util_InternMap$ValueType@17811a83
      $VALUES = class com.ibm.wsspi.anno.util.Util_InternMap$ValueType[6]
      $$$tc$$$ = class com.ibm.websphere.ras.TraceComponent@7ad04873
      name = "VT_FIELD_NAME"
      ordinal = 3
    checkValues = false
    name = "FieldNameMap"
    internMap = class java.util.HashMap@5cd5b15e
      serialVersionUID = 362498820763181265
      DEFAULT_INITIAL_CAPACITY = 16
      MAXIMUM_CAPACITY = 1073741824
      DEFAULT_LOAD_FACTOR = 0.75
      TREEIFY_THRESHOLD = 8
      UNTREEIFY_THRESHOLD = 6
      MIN_TREEIFY_CAPACITY = 64
      table = class java.util.HashMap$Node[32]
      entrySet = null
      size = 15
      modCount = 15
      threshold = 24
      loadFactor = 0.75
      keySet = null
      values = null
    lastReportedLength = 0
    totalLength = 291
    serialVersionUID = -5461277679491511795
  methodNameInternMap = class com.ibm.ws.anno.util.internal.UtilImpl_InternMap@3140366c
    tc = class com.ibm.websphere.ras.TraceComponent@5a56341a
      strings[0] = "TraceComponent[com.ibm.ws.anno.util.internal.UtilImpl_InternMap,class com.ibm.ws.anno.util.internal.UtilImpl_InternMap,[com.ibm.ws.anno],com.ibm.ws.anno.resources.internal.AnnoMessages,null]"
    CLASS_NAME = "com.ibm.ws.anno.util.internal.UtilImpl_InternMap"
    hashText = "UtilImpl_InternMap@6672338(MethodNameMap)"
    DEFAULT_LOG_THRESHHOLD = 4096
    logThreshHold = 4096
    factory = class com.ibm.ws.anno.util.internal.UtilImpl_Factory@6fc9a867
      tc = class com.ibm.websphere.ras.TraceComponent@6d6e6d2e
      CLASS_NAME = "com.ibm.ws.anno.util.internal.UtilImpl_Factory"
      hashText = "UtilImpl_Factory@25969255"
      serialVersionUID = -7802370278509421821
    valueType = class com.ibm.wsspi.anno.util.Util_InternMap$ValueType@1331958a
      VT_CLASS_RESOURCE = class com.ibm.wsspi.anno.util.Util_InternMap$ValueType@5e5b9bf1
      VT_CLASS_REFERENCE = class com.ibm.wsspi.anno.util.Util_InternMap$ValueType@7cc49fc0
      VT_CLASS_NAME = class com.ibm.wsspi.anno.util.Util_InternMap$ValueType@79c5c08d
      VT_FIELD_NAME = class com.ibm.wsspi.anno.util.Util_InternMap$ValueType@40ac3564
      VT_METHOD_NAME = class com.ibm.wsspi.anno.util.Util_InternMap$ValueType@1331958a
      VT_OTHER = class com.ibm.wsspi.anno.util.Util_InternMap$ValueType@17811a83
      $VALUES = class com.ibm.wsspi.anno.util.Util_InternMap$ValueType[6]
      $$$tc$$$ = class com.ibm.websphere.ras.TraceComponent@7ad04873
      name = "VT_METHOD_NAME"
      ordinal = 4
    checkValues = false
    name = "MethodNameMap"
    internMap = class java.util.HashMap@5ed4a6c8
      serialVersionUID = 362498820763181265
      DEFAULT_INITIAL_CAPACITY = 16
      MAXIMUM_CAPACITY = 1073741824
      DEFAULT_LOAD_FACTOR = 0.75
      TREEIFY_THRESHOLD = 8
      UNTREEIFY_THRESHOLD = 6
      MIN_TREEIFY_CAPACITY = 64
      table = class java.util.HashMap$Node[16]
      entrySet = null
      size = 11
      modCount = 11
      threshold = 12
      loadFactor = 0.75
      keySet = null
      values = null
    lastReportedLength = 0
    totalLength = 163
    serialVersionUID = -5461277679491511795
  packageInfos = class java.util.HashMap@8a95e3e
    serialVersionUID = 362498820763181265
    DEFAULT_INITIAL_CAPACITY = 16
    MAXIMUM_CAPACITY = 1073741824
    DEFAULT_LOAD_FACTOR = 0.75
    TREEIFY_THRESHOLD = 8
    UNTREEIFY_THRESHOLD = 6
    MIN_TREEIFY_CAPACITY = 64
    table = null
    entrySet = null
    size = 0
    modCount = 0
    threshold = 0
    loadFactor = 0.75
    keySet = null
    values = null
  DO_FORCE_PACKAGE = true
  DO_NOT_FORCE_PACKAGE = false
  FOR_FAILED_LOAD = true
  NOT_FOR_FAILED_LOAD = false
  primitiveClassInfos = class java.util.HashMap@57fdc9ce
    serialVersionUID = 362498820763181265
    DEFAULT_INITIAL_CAPACITY = 16
    MAXIMUM_CAPACITY = 1073741824
    DEFAULT_LOAD_FACTOR = 0.75
    TREEIFY_THRESHOLD = 8
    UNTREEIFY_THRESHOLD = 6
    MIN_TREEIFY_CAPACITY = 64
    table = class java.util.HashMap$Node[16]
      Node[0] = null
      Node[1] = null
      Node[2] = null
      Node[3] = class java.util.HashMap$Node@6fcc8c36
      Node[4] = null
      Node[5] = null
      Node[6] = null
      Node[7] = null
      Node[8] = null
      Node[9] = null
      Node[10] = null
      Node[11] = null
      Node[12] = null
      Node[13] = null
      Node[14] = null
      Node[15] = null
    entrySet = null
    size = 1
    modCount = 1
    threshold = 12
    loadFactor = 0.75
    keySet = null
    values = null
  DO_ALLOW_PRIMITIVE = true
  DO_NOT_ALLOW_PRIMITIVE = false
  delayedClassInfos = class java.util.HashMap@60f3f939
    serialVersionUID = 362498820763181265
    DEFAULT_INITIAL_CAPACITY = 16
    MAXIMUM_CAPACITY = 1073741824
    DEFAULT_LOAD_FACTOR = 0.75
    TREEIFY_THRESHOLD = 8
    UNTREEIFY_THRESHOLD = 6
    MIN_TREEIFY_CAPACITY = 64
    table = class java.util.HashMap$Node[16]
      Node[0] = null
      Node[1] = null
      Node[2] = null
      Node[3] = class java.util.HashMap$Node@44ffef51
      Node[4] = null
      Node[5] = null
      Node[6] = null
      Node[7] = null
      Node[8] = null
      Node[9] = class java.util.HashMap$Node@869401f
      Node[10] = class java.util.HashMap$Node@3cfd018
      Node[11] = class java.util.HashMap$Node@399be952
      Node[12] = class java.util.HashMap$Node@2251c57
      Node[13] = null
      Node[14] = null
      Node[15] = class java.util.HashMap$Node@400eddb4
    entrySet = null
    size = 8
    modCount = 8
    threshold = 12
    loadFactor = 0.75
    keySet = null
    values = null
  CLASSINFO_CACHE_LIMIT_PROPERTY_NAME = "classinfocachesize"
  MIN_CLASSINFO_CACHE_LIMIT = 100
  MAX_CLASSINFO_CACHE_LIMIT = 10000
  DEFAULT_CLASSINFO_CACHE_LIMIT = 2000
  classInfoCacheLimit = 2000
  javaClassInfos = class java.util.HashMap@50b0501d
    serialVersionUID = 362498820763181265
    DEFAULT_INITIAL_CAPACITY = 16
    MAXIMUM_CAPACITY = 1073741824
    DEFAULT_LOAD_FACTOR = 0.75
    TREEIFY_THRESHOLD = 8
    UNTREEIFY_THRESHOLD = 6
    MIN_TREEIFY_CAPACITY = 64
    table = null
    entrySet = null
    size = 0
    modCount = 0
    threshold = 0
    loadFactor = 0.75
    keySet = null
    values = null
  annotatedClassInfos = class java.util.HashMap@12aabc9b
    serialVersionUID = 362498820763181265
    DEFAULT_INITIAL_CAPACITY = 16
    MAXIMUM_CAPACITY = 1073741824
    DEFAULT_LOAD_FACTOR = 0.75
    TREEIFY_THRESHOLD = 8
    UNTREEIFY_THRESHOLD = 6
    MIN_TREEIFY_CAPACITY = 64
    table = null
    entrySet = null
    size = 0
    modCount = 0
    threshold = 0
    loadFactor = 0.75
    keySet = null
    values = null
  firstClassInfo = null
  lastClassInfo = null
  classInfos = class java.util.HashMap@2b20a4b9
    serialVersionUID = 362498820763181265
    DEFAULT_INITIAL_CAPACITY = 16
    MAXIMUM_CAPACITY = 1073741824
    DEFAULT_LOAD_FACTOR = 0.75
    TREEIFY_THRESHOLD = 8
    UNTREEIFY_THRESHOLD = 6
    MIN_TREEIFY_CAPACITY = 64
    table = null
    entrySet = null
    size = 0
    modCount = 0
    threshold = 0
    loadFactor = 0.75
    keySet = null
    values = null
  serialVersionUID = 5822143660628227576

Dump of objectArray[0]
Object type = java.lang.String
  String value = "java.lang.Object"

